{"level":"INFO","message":"[2:28:37.836 PM]: Creating new connection object"}
{"level":"INFO","message":"[2:28:37.849 PM]: Creating Connection[id: a246df30-d28c-4b31-8508-b14e908c16c2] with host: MEC59881.snowflakecomputing.com, account: MEC59881, accessUrl: https://MEC59881.snowflakecomputing.com, user: BIMARIZQYRAMADHAN, role: ACCOUNTADMIN, database: BIMA_DUMMY_DB, schema: PUBLIC, warehouse: COMPUTE_WH, proxy was not configured, password is provided, region: undefined, authenticator: SNOWFLAKE, ocsp mode: FAIL_OPEN, os: win32, os version: 10.0.26100"}
{"level":"INFO","message":"[2:28:37.850 PM]: Connection[id: a246df30-d28c-4b31-8508-b14e908c16c2] additional details: passcode in password is provided, passcode is not provided, private key is not provided, application: undefined, client name: snowflake-sdk, client version: 2.3.1, retry timeout: 300, private key path: undefined, private key pass is not provided, client store temporary credential: false, browser response timeout: 120000"}
{"level":"INFO","message":"[2:28:37.852 PM]: Connection[id: a246df30-d28c-4b31-8508-b14e908c16c2] - connection object created successfully."}
{"level":"INFO","message":"[2:28:37.853 PM]: Connection[id: a246df30-d28c-4b31-8508-b14e908c16c2] - connecting. Associated Snowflake domain: GLOBAL"}
{"level":"INFO","message":"[2:28:37.855 PM]: Creating new connection object"}
{"level":"INFO","message":"[2:28:37.857 PM]: Creating Connection[id: 377e987e-1bde-4b8f-b7f4-36bc7e617ad8] with host: MEC59881.snowflakecomputing.com, account: MEC59881, accessUrl: https://MEC59881.snowflakecomputing.com, user: BIMARIZQYRAMADHAN, role: ACCOUNTADMIN, database: BIMA_DUMMY_DB, schema: PUBLIC, warehouse: COMPUTE_WH, proxy was not configured, password is provided, region: undefined, authenticator: SNOWFLAKE, ocsp mode: FAIL_OPEN, os: win32, os version: 10.0.26100"}
{"level":"INFO","message":"[2:28:37.858 PM]: Connection[id: 377e987e-1bde-4b8f-b7f4-36bc7e617ad8] additional details: passcode in password is provided, passcode is not provided, private key is not provided, application: undefined, client name: snowflake-sdk, client version: 2.3.1, retry timeout: 300, private key path: undefined, private key pass is not provided, client store temporary credential: false, browser response timeout: 120000"}
{"level":"INFO","message":"[2:28:37.858 PM]: Connection[id: 377e987e-1bde-4b8f-b7f4-36bc7e617ad8] - connection object created successfully."}
{"level":"INFO","message":"[2:28:37.859 PM]: Connection[id: 377e987e-1bde-4b8f-b7f4-36bc7e617ad8] - connecting. Associated Snowflake domain: GLOBAL"}
{"level":"INFO","message":"[2:28:37.860 PM]: Connection[id: a246df30-d28c-4b31-8508-b14e908c16c2] - authentication successful using: SNOWFLAKE"}
{"level":"INFO","message":"[2:28:37.860 PM]: Trying to initialize Easy Logging"}
{"level":"INFO","message":"[2:28:37.861 PM]: Connection[id: 377e987e-1bde-4b8f-b7f4-36bc7e617ad8] - authentication successful using: SNOWFLAKE"}
{"level":"INFO","message":"[2:28:37.861 PM]: Trying to initialize Easy Logging"}
{"level":"INFO","message":"[2:28:37.863 PM]: No client config detected."}
{"level":"INFO","message":"[2:28:37.864 PM]: No config file path found. Client config will not be used."}
{"level":"INFO","message":"[2:28:37.864 PM]: Easy Logging is disabled as no config has been found"}
{"level":"INFO","message":"[2:28:37.870 PM]: Connection[id: 377e987e-1bde-4b8f-b7f4-36bc7e617ad8] - connected successfully after 10.88 milliseconds"}
{"level":"INFO","message":"[2:28:37.883 PM]: No client config detected."}
{"level":"INFO","message":"[2:28:37.884 PM]: No config file path found. Client config will not be used."}
{"level":"INFO","message":"[2:28:37.884 PM]: Easy Logging is disabled as no config has been found"}
{"level":"INFO","message":"[2:28:37.886 PM]: Connection[id: a246df30-d28c-4b31-8508-b14e908c16c2] - connected successfully after 33.46 milliseconds"}
{"level":"INFO","message":"[2:29:26.055 PM]: Creating new connection object"}
{"level":"INFO","message":"[2:29:26.056 PM]: Creating Connection[id: 19794779-0935-43c7-84b0-b46bfef3d7be] with host: MEC59881.snowflakecomputing.com, account: MEC59881, accessUrl: https://MEC59881.snowflakecomputing.com, user: BIMARIZQYRAMADHAN, role: ACCOUNTADMIN, database: BIMA_DUMMY_DB, schema: PUBLIC, warehouse: COMPUTE_WH, proxy was not configured, password is provided, region: undefined, authenticator: SNOWFLAKE, ocsp mode: FAIL_OPEN, os: win32, os version: 10.0.26100"}
{"level":"INFO","message":"[2:29:26.057 PM]: Connection[id: 19794779-0935-43c7-84b0-b46bfef3d7be] additional details: passcode in password is provided, passcode is not provided, private key is not provided, application: undefined, client name: snowflake-sdk, client version: 2.3.1, retry timeout: 300, private key path: undefined, private key pass is not provided, client store temporary credential: false, browser response timeout: 120000"}
{"level":"INFO","message":"[2:29:26.057 PM]: Connection[id: 19794779-0935-43c7-84b0-b46bfef3d7be] - connection object created successfully."}
{"level":"INFO","message":"[2:29:26.058 PM]: Connection[id: 19794779-0935-43c7-84b0-b46bfef3d7be] - connecting. Associated Snowflake domain: GLOBAL"}
{"level":"INFO","message":"[2:29:26.059 PM]: Creating new connection object"}
{"level":"INFO","message":"[2:29:26.060 PM]: Creating Connection[id: bf54e377-6341-4bae-8335-f0c417d2a5ad] with host: MEC59881.snowflakecomputing.com, account: MEC59881, accessUrl: https://MEC59881.snowflakecomputing.com, user: BIMARIZQYRAMADHAN, role: ACCOUNTADMIN, database: BIMA_DUMMY_DB, schema: PUBLIC, warehouse: COMPUTE_WH, proxy was not configured, password is provided, region: undefined, authenticator: SNOWFLAKE, ocsp mode: FAIL_OPEN, os: win32, os version: 10.0.26100"}
{"level":"INFO","message":"[2:29:26.061 PM]: Connection[id: bf54e377-6341-4bae-8335-f0c417d2a5ad] additional details: passcode in password is provided, passcode is not provided, private key is not provided, application: undefined, client name: snowflake-sdk, client version: 2.3.1, retry timeout: 300, private key path: undefined, private key pass is not provided, client store temporary credential: false, browser response timeout: 120000"}
{"level":"INFO","message":"[2:29:26.061 PM]: Connection[id: bf54e377-6341-4bae-8335-f0c417d2a5ad] - connection object created successfully."}
{"level":"INFO","message":"[2:29:26.062 PM]: Connection[id: bf54e377-6341-4bae-8335-f0c417d2a5ad] - connecting. Associated Snowflake domain: GLOBAL"}
{"level":"INFO","message":"[2:29:26.063 PM]: Connection[id: 19794779-0935-43c7-84b0-b46bfef3d7be] - authentication successful using: SNOWFLAKE"}
{"level":"INFO","message":"[2:29:26.064 PM]: Connection[id: bf54e377-6341-4bae-8335-f0c417d2a5ad] - authentication successful using: SNOWFLAKE"}
{"level":"INFO","message":"[2:29:26.066 PM]: Connection[id: 19794779-0935-43c7-84b0-b46bfef3d7be] - connected successfully after 8.26 milliseconds"}
{"level":"INFO","message":"[2:29:26.067 PM]: Connection[id: bf54e377-6341-4bae-8335-f0c417d2a5ad] - connected successfully after 5.48 milliseconds"}
{"level":"INFO","message":"[2:32:17.831 PM]: Creating new connection object"}
{"level":"INFO","message":"[2:32:17.833 PM]: Creating Connection[id: 39ebbc7f-039f-48ea-af0b-0cce38cae769] with host: MEC59881.snowflakecomputing.com, account: MEC59881, accessUrl: https://MEC59881.snowflakecomputing.com, user: BIMARIZQYRAMADHAN, role: ACCOUNTADMIN, database: BIMA_DUMMY_DB, schema: PUBLIC, warehouse: COMPUTE_WH, proxy was not configured, password is provided, region: undefined, authenticator: SNOWFLAKE, ocsp mode: FAIL_OPEN, os: win32, os version: 10.0.26100"}
{"level":"INFO","message":"[2:32:17.833 PM]: Connection[id: 39ebbc7f-039f-48ea-af0b-0cce38cae769] additional details: passcode in password is provided, passcode is not provided, private key is not provided, application: undefined, client name: snowflake-sdk, client version: 2.3.1, retry timeout: 300, private key path: undefined, private key pass is not provided, client store temporary credential: false, browser response timeout: 120000"}
{"level":"INFO","message":"[2:32:17.834 PM]: Connection[id: 39ebbc7f-039f-48ea-af0b-0cce38cae769] - connection object created successfully."}
{"level":"INFO","message":"[2:32:17.834 PM]: Connection[id: 39ebbc7f-039f-48ea-af0b-0cce38cae769] - connecting. Associated Snowflake domain: GLOBAL"}
{"level":"INFO","message":"[2:32:17.836 PM]: Creating new connection object"}
{"level":"INFO","message":"[2:32:17.837 PM]: Creating Connection[id: 0a5b0055-d12e-4ffb-b535-fa7435e74ad6] with host: MEC59881.snowflakecomputing.com, account: MEC59881, accessUrl: https://MEC59881.snowflakecomputing.com, user: BIMARIZQYRAMADHAN, role: ACCOUNTADMIN, database: BIMA_DUMMY_DB, schema: PUBLIC, warehouse: COMPUTE_WH, proxy was not configured, password is provided, region: undefined, authenticator: SNOWFLAKE, ocsp mode: FAIL_OPEN, os: win32, os version: 10.0.26100"}
{"level":"INFO","message":"[2:32:17.837 PM]: Connection[id: 0a5b0055-d12e-4ffb-b535-fa7435e74ad6] additional details: passcode in password is provided, passcode is not provided, private key is not provided, application: undefined, client name: snowflake-sdk, client version: 2.3.1, retry timeout: 300, private key path: undefined, private key pass is not provided, client store temporary credential: false, browser response timeout: 120000"}
{"level":"INFO","message":"[2:32:17.838 PM]: Connection[id: 0a5b0055-d12e-4ffb-b535-fa7435e74ad6] - connection object created successfully."}
{"level":"INFO","message":"[2:32:17.839 PM]: Connection[id: 0a5b0055-d12e-4ffb-b535-fa7435e74ad6] - connecting. Associated Snowflake domain: GLOBAL"}
{"level":"INFO","message":"[2:32:17.840 PM]: Connection[id: 39ebbc7f-039f-48ea-af0b-0cce38cae769] - authentication successful using: SNOWFLAKE"}
{"level":"INFO","message":"[2:32:17.841 PM]: Connection[id: 0a5b0055-d12e-4ffb-b535-fa7435e74ad6] - authentication successful using: SNOWFLAKE"}
{"level":"INFO","message":"[2:32:17.843 PM]: Connection[id: 39ebbc7f-039f-48ea-af0b-0cce38cae769] - connected successfully after 8.63 milliseconds"}
{"level":"INFO","message":"[2:32:17.846 PM]: Connection[id: 0a5b0055-d12e-4ffb-b535-fa7435e74ad6] - connected successfully after 7.69 milliseconds"}
{"level":"INFO","message":"[2:32:22.128 PM]: Creating new connection object"}
{"level":"INFO","message":"[2:32:22.130 PM]: Creating Connection[id: a0655096-a9f3-41c8-82fc-8d2bd7b4b3b2] with host: MEC59881.snowflakecomputing.com, account: MEC59881, accessUrl: https://MEC59881.snowflakecomputing.com, user: BIMARIZQYRAMADHAN, role: ACCOUNTADMIN, database: BIMA_DUMMY_DB, schema: PUBLIC, warehouse: COMPUTE_WH, proxy was not configured, password is provided, region: undefined, authenticator: SNOWFLAKE, ocsp mode: FAIL_OPEN, os: win32, os version: 10.0.26100"}
{"level":"INFO","message":"[2:32:22.131 PM]: Connection[id: a0655096-a9f3-41c8-82fc-8d2bd7b4b3b2] additional details: passcode in password is provided, passcode is not provided, private key is not provided, application: undefined, client name: snowflake-sdk, client version: 2.3.1, retry timeout: 300, private key path: undefined, private key pass is not provided, client store temporary credential: false, browser response timeout: 120000"}
{"level":"INFO","message":"[2:32:22.132 PM]: Connection[id: a0655096-a9f3-41c8-82fc-8d2bd7b4b3b2] - connection object created successfully."}
{"level":"INFO","message":"[2:32:22.132 PM]: Connection[id: a0655096-a9f3-41c8-82fc-8d2bd7b4b3b2] - connecting. Associated Snowflake domain: GLOBAL"}
{"level":"INFO","message":"[2:32:22.135 PM]: Creating new connection object"}
{"level":"INFO","message":"[2:32:22.137 PM]: Creating Connection[id: bdc7c64a-37ad-4990-9b3d-4ad3e556f146] with host: MEC59881.snowflakecomputing.com, account: MEC59881, accessUrl: https://MEC59881.snowflakecomputing.com, user: BIMARIZQYRAMADHAN, role: ACCOUNTADMIN, database: BIMA_DUMMY_DB, schema: PUBLIC, warehouse: COMPUTE_WH, proxy was not configured, password is provided, region: undefined, authenticator: SNOWFLAKE, ocsp mode: FAIL_OPEN, os: win32, os version: 10.0.26100"}
{"level":"INFO","message":"[2:32:22.139 PM]: Connection[id: bdc7c64a-37ad-4990-9b3d-4ad3e556f146] additional details: passcode in password is provided, passcode is not provided, private key is not provided, application: undefined, client name: snowflake-sdk, client version: 2.3.1, retry timeout: 300, private key path: undefined, private key pass is not provided, client store temporary credential: false, browser response timeout: 120000"}
{"level":"INFO","message":"[2:32:22.139 PM]: Connection[id: bdc7c64a-37ad-4990-9b3d-4ad3e556f146] - connection object created successfully."}
{"level":"INFO","message":"[2:32:22.140 PM]: Connection[id: bdc7c64a-37ad-4990-9b3d-4ad3e556f146] - connecting. Associated Snowflake domain: GLOBAL"}
{"level":"INFO","message":"[2:32:22.141 PM]: Connection[id: a0655096-a9f3-41c8-82fc-8d2bd7b4b3b2] - authentication successful using: SNOWFLAKE"}
{"level":"INFO","message":"[2:32:22.142 PM]: Connection[id: bdc7c64a-37ad-4990-9b3d-4ad3e556f146] - authentication successful using: SNOWFLAKE"}
{"level":"INFO","message":"[2:32:22.143 PM]: Connection[id: a0655096-a9f3-41c8-82fc-8d2bd7b4b3b2] - connected successfully after 10.97 milliseconds"}
{"level":"INFO","message":"[2:32:22.150 PM]: Connection[id: bdc7c64a-37ad-4990-9b3d-4ad3e556f146] - connected successfully after 9.7 milliseconds"}
{"level":"INFO","message":"[2:33:08.057 PM]: Creating new connection object"}
{"level":"INFO","message":"[2:33:08.071 PM]: Creating Connection[id: ee73de2c-022a-487b-8e5b-f6e4d8693cc3] with host: MEC59881.snowflakecomputing.com, account: MEC59881, accessUrl: https://MEC59881.snowflakecomputing.com, user: BIMARIZQYRAMADHAN, role: ACCOUNTADMIN, database: BIMA_DUMMY_DB, schema: PUBLIC, warehouse: COMPUTE_WH, proxy was not configured, password is provided, region: undefined, authenticator: SNOWFLAKE, ocsp mode: FAIL_OPEN, os: win32, os version: 10.0.26100"}
{"level":"INFO","message":"[2:33:08.072 PM]: Connection[id: ee73de2c-022a-487b-8e5b-f6e4d8693cc3] additional details: passcode in password is provided, passcode is not provided, private key is not provided, application: undefined, client name: snowflake-sdk, client version: 2.3.1, retry timeout: 300, private key path: undefined, private key pass is not provided, client store temporary credential: false, browser response timeout: 120000"}
{"level":"INFO","message":"[2:33:08.073 PM]: Connection[id: ee73de2c-022a-487b-8e5b-f6e4d8693cc3] - connection object created successfully."}
{"level":"INFO","message":"[2:33:08.074 PM]: Connection[id: ee73de2c-022a-487b-8e5b-f6e4d8693cc3] - connecting. Associated Snowflake domain: GLOBAL"}
{"level":"INFO","message":"[2:33:08.077 PM]: Creating new connection object"}
{"level":"INFO","message":"[2:33:08.078 PM]: Creating Connection[id: 3b92f19d-870d-46bc-a20a-b2918b1bcb6b] with host: MEC59881.snowflakecomputing.com, account: MEC59881, accessUrl: https://MEC59881.snowflakecomputing.com, user: BIMARIZQYRAMADHAN, role: ACCOUNTADMIN, database: BIMA_DUMMY_DB, schema: PUBLIC, warehouse: COMPUTE_WH, proxy was not configured, password is provided, region: undefined, authenticator: SNOWFLAKE, ocsp mode: FAIL_OPEN, os: win32, os version: 10.0.26100"}
{"level":"INFO","message":"[2:33:08.080 PM]: Connection[id: 3b92f19d-870d-46bc-a20a-b2918b1bcb6b] additional details: passcode in password is provided, passcode is not provided, private key is not provided, application: undefined, client name: snowflake-sdk, client version: 2.3.1, retry timeout: 300, private key path: undefined, private key pass is not provided, client store temporary credential: false, browser response timeout: 120000"}
{"level":"INFO","message":"[2:33:08.082 PM]: Connection[id: 3b92f19d-870d-46bc-a20a-b2918b1bcb6b] - connection object created successfully."}
{"level":"INFO","message":"[2:33:08.084 PM]: Connection[id: 3b92f19d-870d-46bc-a20a-b2918b1bcb6b] - connecting. Associated Snowflake domain: GLOBAL"}
{"level":"INFO","message":"[2:33:08.085 PM]: Connection[id: ee73de2c-022a-487b-8e5b-f6e4d8693cc3] - authentication successful using: SNOWFLAKE"}
{"level":"INFO","message":"[2:33:08.087 PM]: Trying to initialize Easy Logging"}
{"level":"INFO","message":"[2:33:08.089 PM]: Connection[id: 3b92f19d-870d-46bc-a20a-b2918b1bcb6b] - authentication successful using: SNOWFLAKE"}
{"level":"INFO","message":"[2:33:08.091 PM]: Trying to initialize Easy Logging"}
{"level":"INFO","message":"[2:33:08.338 PM]: No client config detected."}
{"level":"INFO","message":"[2:33:08.339 PM]: No config file path found. Client config will not be used."}
{"level":"INFO","message":"[2:33:08.339 PM]: Easy Logging is disabled as no config has been found"}
{"level":"INFO","message":"[2:33:08.345 PM]: Connection[id: ee73de2c-022a-487b-8e5b-f6e4d8693cc3] - connected successfully after 270.96 milliseconds"}
{"level":"INFO","message":"[2:33:08.363 PM]: No client config detected."}
{"level":"INFO","message":"[2:33:08.363 PM]: No config file path found. Client config will not be used."}
{"level":"INFO","message":"[2:33:08.364 PM]: Easy Logging is disabled as no config has been found"}
{"level":"INFO","message":"[2:33:08.365 PM]: Connection[id: 3b92f19d-870d-46bc-a20a-b2918b1bcb6b] - connected successfully after 281.76 milliseconds"}
{"level":"INFO","message":"[2:33:09.661 PM]: Creating new connection object"}
{"level":"INFO","message":"[2:33:09.662 PM]: Creating Connection[id: 3566e753-e5d1-4297-9dc9-3a6a5b3930cf] with host: MEC59881.snowflakecomputing.com, account: MEC59881, accessUrl: https://MEC59881.snowflakecomputing.com, user: BIMARIZQYRAMADHAN, role: ACCOUNTADMIN, database: BIMA_DUMMY_DB, schema: PUBLIC, warehouse: COMPUTE_WH, proxy was not configured, password is provided, region: undefined, authenticator: SNOWFLAKE, ocsp mode: FAIL_OPEN, os: win32, os version: 10.0.26100"}
{"level":"INFO","message":"[2:33:09.663 PM]: Connection[id: 3566e753-e5d1-4297-9dc9-3a6a5b3930cf] additional details: passcode in password is provided, passcode is not provided, private key is not provided, application: undefined, client name: snowflake-sdk, client version: 2.3.1, retry timeout: 300, private key path: undefined, private key pass is not provided, client store temporary credential: false, browser response timeout: 120000"}
{"level":"INFO","message":"[2:33:09.663 PM]: Connection[id: 3566e753-e5d1-4297-9dc9-3a6a5b3930cf] - connection object created successfully."}
{"level":"INFO","message":"[2:33:09.663 PM]: Connection[id: 3566e753-e5d1-4297-9dc9-3a6a5b3930cf] - connecting. Associated Snowflake domain: GLOBAL"}
{"level":"INFO","message":"[2:33:09.665 PM]: Creating new connection object"}
{"level":"INFO","message":"[2:33:09.666 PM]: Creating Connection[id: b1112803-76ef-432f-aa3e-0e6260951230] with host: MEC59881.snowflakecomputing.com, account: MEC59881, accessUrl: https://MEC59881.snowflakecomputing.com, user: BIMARIZQYRAMADHAN, role: ACCOUNTADMIN, database: BIMA_DUMMY_DB, schema: PUBLIC, warehouse: COMPUTE_WH, proxy was not configured, password is provided, region: undefined, authenticator: SNOWFLAKE, ocsp mode: FAIL_OPEN, os: win32, os version: 10.0.26100"}
{"level":"INFO","message":"[2:33:09.666 PM]: Connection[id: b1112803-76ef-432f-aa3e-0e6260951230] additional details: passcode in password is provided, passcode is not provided, private key is not provided, application: undefined, client name: snowflake-sdk, client version: 2.3.1, retry timeout: 300, private key path: undefined, private key pass is not provided, client store temporary credential: false, browser response timeout: 120000"}
{"level":"INFO","message":"[2:33:09.667 PM]: Connection[id: b1112803-76ef-432f-aa3e-0e6260951230] - connection object created successfully."}
{"level":"INFO","message":"[2:33:09.668 PM]: Connection[id: b1112803-76ef-432f-aa3e-0e6260951230] - connecting. Associated Snowflake domain: GLOBAL"}
{"level":"INFO","message":"[2:33:09.668 PM]: Connection[id: 3566e753-e5d1-4297-9dc9-3a6a5b3930cf] - authentication successful using: SNOWFLAKE"}
{"level":"INFO","message":"[2:33:09.669 PM]: Connection[id: b1112803-76ef-432f-aa3e-0e6260951230] - authentication successful using: SNOWFLAKE"}
{"level":"INFO","message":"[2:33:09.671 PM]: Connection[id: 3566e753-e5d1-4297-9dc9-3a6a5b3930cf] - connected successfully after 7.44 milliseconds"}
{"level":"INFO","message":"[2:33:09.672 PM]: Connection[id: b1112803-76ef-432f-aa3e-0e6260951230] - connected successfully after 4.32 milliseconds"}
{"level":"INFO","message":"[2:33:38.329 PM]: Creating new connection object"}
{"level":"INFO","message":"[2:33:38.345 PM]: Creating Connection[id: 9767f060-80e7-410d-8294-e727c01d5f5b] with host: MEC59881.snowflakecomputing.com, account: MEC59881, accessUrl: https://MEC59881.snowflakecomputing.com, user: BIMARIZQYRAMADHAN, role: ACCOUNTADMIN, database: BIMA_DUMMY_DB, schema: PUBLIC, warehouse: COMPUTE_WH, proxy was not configured, password is provided, region: undefined, authenticator: SNOWFLAKE, ocsp mode: FAIL_OPEN, os: win32, os version: 10.0.26100"}
{"level":"INFO","message":"[2:33:38.346 PM]: Connection[id: 9767f060-80e7-410d-8294-e727c01d5f5b] additional details: passcode in password is provided, passcode is not provided, private key is not provided, application: undefined, client name: snowflake-sdk, client version: 2.3.1, retry timeout: 300, private key path: undefined, private key pass is not provided, client store temporary credential: false, browser response timeout: 120000"}
{"level":"INFO","message":"[2:33:38.349 PM]: Connection[id: 9767f060-80e7-410d-8294-e727c01d5f5b] - connection object created successfully."}
{"level":"INFO","message":"[2:33:38.350 PM]: Connection[id: 9767f060-80e7-410d-8294-e727c01d5f5b] - connecting. Associated Snowflake domain: GLOBAL"}
{"level":"INFO","message":"[2:33:38.353 PM]: Creating new connection object"}
{"level":"INFO","message":"[2:33:38.354 PM]: Creating Connection[id: 15070a78-b70b-46a8-91ec-1ead9c89f825] with host: MEC59881.snowflakecomputing.com, account: MEC59881, accessUrl: https://MEC59881.snowflakecomputing.com, user: BIMARIZQYRAMADHAN, role: ACCOUNTADMIN, database: BIMA_DUMMY_DB, schema: PUBLIC, warehouse: COMPUTE_WH, proxy was not configured, password is provided, region: undefined, authenticator: SNOWFLAKE, ocsp mode: FAIL_OPEN, os: win32, os version: 10.0.26100"}
{"level":"INFO","message":"[2:33:38.355 PM]: Connection[id: 15070a78-b70b-46a8-91ec-1ead9c89f825] additional details: passcode in password is provided, passcode is not provided, private key is not provided, application: undefined, client name: snowflake-sdk, client version: 2.3.1, retry timeout: 300, private key path: undefined, private key pass is not provided, client store temporary credential: false, browser response timeout: 120000"}
{"level":"INFO","message":"[2:33:38.355 PM]: Connection[id: 15070a78-b70b-46a8-91ec-1ead9c89f825] - connection object created successfully."}
{"level":"INFO","message":"[2:33:38.356 PM]: Connection[id: 15070a78-b70b-46a8-91ec-1ead9c89f825] - connecting. Associated Snowflake domain: GLOBAL"}
{"level":"INFO","message":"[2:33:38.357 PM]: Connection[id: 9767f060-80e7-410d-8294-e727c01d5f5b] - authentication successful using: SNOWFLAKE"}
{"level":"INFO","message":"[2:33:38.358 PM]: Trying to initialize Easy Logging"}
{"level":"INFO","message":"[2:33:38.358 PM]: Connection[id: 15070a78-b70b-46a8-91ec-1ead9c89f825] - authentication successful using: SNOWFLAKE"}
{"level":"INFO","message":"[2:33:38.359 PM]: Trying to initialize Easy Logging"}
{"level":"INFO","message":"[2:33:38.371 PM]: No client config detected."}
{"level":"INFO","message":"[2:33:38.372 PM]: No config file path found. Client config will not be used."}
{"level":"INFO","message":"[2:33:38.373 PM]: Easy Logging is disabled as no config has been found"}
{"level":"INFO","message":"[2:33:38.379 PM]: Connection[id: 9767f060-80e7-410d-8294-e727c01d5f5b] - connected successfully after 28.6 milliseconds"}
{"level":"INFO","message":"[2:33:38.396 PM]: No client config detected."}
{"level":"INFO","message":"[2:33:38.396 PM]: No config file path found. Client config will not be used."}
{"level":"INFO","message":"[2:33:38.397 PM]: Easy Logging is disabled as no config has been found"}
{"level":"INFO","message":"[2:33:38.399 PM]: Connection[id: 15070a78-b70b-46a8-91ec-1ead9c89f825] - connected successfully after 43.43 milliseconds"}
{"level":"INFO","message":"[2:35:32.046 PM]: Creating new connection object"}
{"level":"INFO","message":"[2:35:32.066 PM]: Creating Connection[id: a0643f03-8a1f-4360-a4ec-ead3550a7a57] with host: MEC59881.snowflakecomputing.com, account: MEC59881, accessUrl: https://MEC59881.snowflakecomputing.com, user: BIMARIZQYRAMADHAN, role: ACCOUNTADMIN, database: BIMA_DUMMY_DB, schema: PUBLIC, warehouse: COMPUTE_WH, proxy was not configured, password is provided, region: undefined, authenticator: SNOWFLAKE, ocsp mode: FAIL_OPEN, os: win32, os version: 10.0.26100"}
{"level":"INFO","message":"[2:35:32.069 PM]: Connection[id: a0643f03-8a1f-4360-a4ec-ead3550a7a57] additional details: passcode in password is provided, passcode is not provided, private key is not provided, application: undefined, client name: snowflake-sdk, client version: 2.3.1, retry timeout: 300, private key path: undefined, private key pass is not provided, client store temporary credential: false, browser response timeout: 120000"}
{"level":"INFO","message":"[2:35:32.070 PM]: Connection[id: a0643f03-8a1f-4360-a4ec-ead3550a7a57] - connection object created successfully."}
{"level":"INFO","message":"[2:35:32.071 PM]: Connection[id: a0643f03-8a1f-4360-a4ec-ead3550a7a57] - connecting. Associated Snowflake domain: GLOBAL"}
{"level":"INFO","message":"[2:35:32.074 PM]: Creating new connection object"}
{"level":"INFO","message":"[2:35:32.076 PM]: Creating Connection[id: 60f94a83-b488-4af0-8831-e92852e84c22] with host: MEC59881.snowflakecomputing.com, account: MEC59881, accessUrl: https://MEC59881.snowflakecomputing.com, user: BIMARIZQYRAMADHAN, role: ACCOUNTADMIN, database: BIMA_DUMMY_DB, schema: PUBLIC, warehouse: COMPUTE_WH, proxy was not configured, password is provided, region: undefined, authenticator: SNOWFLAKE, ocsp mode: FAIL_OPEN, os: win32, os version: 10.0.26100"}
{"level":"INFO","message":"[2:35:32.077 PM]: Connection[id: 60f94a83-b488-4af0-8831-e92852e84c22] additional details: passcode in password is provided, passcode is not provided, private key is not provided, application: undefined, client name: snowflake-sdk, client version: 2.3.1, retry timeout: 300, private key path: undefined, private key pass is not provided, client store temporary credential: false, browser response timeout: 120000"}
{"level":"INFO","message":"[2:35:32.080 PM]: Connection[id: 60f94a83-b488-4af0-8831-e92852e84c22] - connection object created successfully."}
{"level":"INFO","message":"[2:35:32.082 PM]: Connection[id: 60f94a83-b488-4af0-8831-e92852e84c22] - connecting. Associated Snowflake domain: GLOBAL"}
{"level":"INFO","message":"[2:35:32.084 PM]: Connection[id: a0643f03-8a1f-4360-a4ec-ead3550a7a57] - authentication successful using: SNOWFLAKE"}
{"level":"INFO","message":"[2:35:32.087 PM]: Trying to initialize Easy Logging"}
{"level":"INFO","message":"[2:35:32.088 PM]: Connection[id: 60f94a83-b488-4af0-8831-e92852e84c22] - authentication successful using: SNOWFLAKE"}
{"level":"INFO","message":"[2:35:32.089 PM]: Trying to initialize Easy Logging"}
{"level":"INFO","message":"[2:35:32.241 PM]: No client config detected."}
{"level":"INFO","message":"[2:35:32.242 PM]: No config file path found. Client config will not be used."}
{"level":"INFO","message":"[2:35:32.243 PM]: Easy Logging is disabled as no config has been found"}
{"level":"INFO","message":"[2:35:32.279 PM]: Connection[id: a0643f03-8a1f-4360-a4ec-ead3550a7a57] - connected successfully after 207.31 milliseconds"}
{"level":"INFO","message":"[2:35:32.315 PM]: No client config detected."}
{"level":"INFO","message":"[2:35:32.316 PM]: No config file path found. Client config will not be used."}
{"level":"INFO","message":"[2:35:32.317 PM]: Easy Logging is disabled as no config has been found"}
{"level":"INFO","message":"[2:35:32.320 PM]: Connection[id: 60f94a83-b488-4af0-8831-e92852e84c22] - connected successfully after 237.16 milliseconds"}
{"level":"INFO","message":"[2:37:44.706 PM]: Creating new connection object"}
{"level":"INFO","message":"[2:37:44.735 PM]: Creating Connection[id: 7a5a08dd-e9dc-45da-97ff-f7d75e610173] with host: MEC59881.snowflakecomputing.com, account: MEC59881, accessUrl: https://MEC59881.snowflakecomputing.com, user: BIMARIZQYRAMADHAN, role: ACCOUNTADMIN, database: BIMA_DUMMY_DB, schema: PUBLIC, warehouse: COMPUTE_WH, proxy was not configured, password is provided, region: undefined, authenticator: SNOWFLAKE, ocsp mode: FAIL_OPEN, os: win32, os version: 10.0.26100"}
{"level":"INFO","message":"[2:37:44.738 PM]: Connection[id: 7a5a08dd-e9dc-45da-97ff-f7d75e610173] additional details: passcode in password is provided, passcode is not provided, private key is not provided, application: undefined, client name: snowflake-sdk, client version: 2.3.1, retry timeout: 300, private key path: undefined, private key pass is not provided, client store temporary credential: false, browser response timeout: 120000"}
{"level":"INFO","message":"[2:37:44.740 PM]: Connection[id: 7a5a08dd-e9dc-45da-97ff-f7d75e610173] - connection object created successfully."}
{"level":"INFO","message":"[2:37:44.742 PM]: Connection[id: 7a5a08dd-e9dc-45da-97ff-f7d75e610173] - connecting. Associated Snowflake domain: GLOBAL"}
{"level":"INFO","message":"[2:37:44.746 PM]: Creating new connection object"}
{"level":"INFO","message":"[2:37:44.748 PM]: Creating Connection[id: 187226a3-d3cd-431a-9475-33538c90fe17] with host: MEC59881.snowflakecomputing.com, account: MEC59881, accessUrl: https://MEC59881.snowflakecomputing.com, user: BIMARIZQYRAMADHAN, role: ACCOUNTADMIN, database: BIMA_DUMMY_DB, schema: PUBLIC, warehouse: COMPUTE_WH, proxy was not configured, password is provided, region: undefined, authenticator: SNOWFLAKE, ocsp mode: FAIL_OPEN, os: win32, os version: 10.0.26100"}
{"level":"INFO","message":"[2:37:44.749 PM]: Connection[id: 187226a3-d3cd-431a-9475-33538c90fe17] additional details: passcode in password is provided, passcode is not provided, private key is not provided, application: undefined, client name: snowflake-sdk, client version: 2.3.1, retry timeout: 300, private key path: undefined, private key pass is not provided, client store temporary credential: false, browser response timeout: 120000"}
{"level":"INFO","message":"[2:37:44.750 PM]: Connection[id: 187226a3-d3cd-431a-9475-33538c90fe17] - connection object created successfully."}
{"level":"INFO","message":"[2:37:44.753 PM]: Connection[id: 187226a3-d3cd-431a-9475-33538c90fe17] - connecting. Associated Snowflake domain: GLOBAL"}
{"level":"INFO","message":"[2:37:44.755 PM]: Connection[id: 7a5a08dd-e9dc-45da-97ff-f7d75e610173] - authentication successful using: SNOWFLAKE"}
{"level":"INFO","message":"[2:37:44.757 PM]: Trying to initialize Easy Logging"}
{"level":"INFO","message":"[2:37:44.759 PM]: Connection[id: 187226a3-d3cd-431a-9475-33538c90fe17] - authentication successful using: SNOWFLAKE"}
{"level":"INFO","message":"[2:37:44.761 PM]: Trying to initialize Easy Logging"}
{"level":"INFO","message":"[2:37:44.789 PM]: No client config detected."}
{"level":"INFO","message":"[2:37:44.791 PM]: No config file path found. Client config will not be used."}
{"level":"INFO","message":"[2:37:44.791 PM]: Easy Logging is disabled as no config has been found"}
{"level":"INFO","message":"[2:37:44.805 PM]: Connection[id: 7a5a08dd-e9dc-45da-97ff-f7d75e610173] - connected successfully after 63.39 milliseconds"}
{"level":"INFO","message":"[2:37:44.851 PM]: No client config detected."}
{"level":"INFO","message":"[2:37:44.857 PM]: No config file path found. Client config will not be used."}
{"level":"INFO","message":"[2:37:44.858 PM]: Easy Logging is disabled as no config has been found"}
{"level":"INFO","message":"[2:37:44.867 PM]: Connection[id: 187226a3-d3cd-431a-9475-33538c90fe17] - connected successfully after 113.93 milliseconds"}
{"level":"INFO","message":"[2:43:12.926 PM]: Creating new connection object"}
{"level":"INFO","message":"[2:43:12.943 PM]: Creating Connection[id: cd484396-0b72-4222-8a93-09a3cdecde73] with host: MEC59881.snowflakecomputing.com.snowflakecomputing.com, account: MEC59881, accessUrl: https://MEC59881.snowflakecomputing.com.snowflakecomputing.com, user: BIMARIZQYRAMADHAN, role: ACCOUNTADMIN, database: BIMA_DUMMY_DB, schema: PUBLIC, warehouse: COMPUTE_WH, proxy was not configured, password is provided, region: snowflakecomputing.com, authenticator: SNOWFLAKE, ocsp mode: FAIL_OPEN, os: win32, os version: 10.0.26100"}
{"level":"INFO","message":"[2:43:12.944 PM]: Connection[id: cd484396-0b72-4222-8a93-09a3cdecde73] additional details: passcode in password is provided, passcode is not provided, private key is not provided, application: undefined, client name: snowflake-sdk, client version: 2.3.1, retry timeout: 300, private key path: undefined, private key pass is not provided, client store temporary credential: false, browser response timeout: 120000"}
{"level":"INFO","message":"[2:43:12.945 PM]: Connection[id: cd484396-0b72-4222-8a93-09a3cdecde73] - connection object created successfully."}
{"level":"INFO","message":"[2:43:12.946 PM]: Connection[id: cd484396-0b72-4222-8a93-09a3cdecde73] - connecting. Associated Snowflake domain: GLOBAL"}
{"level":"INFO","message":"[2:43:12.949 PM]: Creating new connection object"}
{"level":"INFO","message":"[2:43:12.951 PM]: Creating Connection[id: d710fe1b-a0fc-43ca-91d2-093ad54b72f5] with host: MEC59881.snowflakecomputing.com.snowflakecomputing.com, account: MEC59881, accessUrl: https://MEC59881.snowflakecomputing.com.snowflakecomputing.com, user: BIMARIZQYRAMADHAN, role: ACCOUNTADMIN, database: BIMA_DUMMY_DB, schema: PUBLIC, warehouse: COMPUTE_WH, proxy was not configured, password is provided, region: snowflakecomputing.com, authenticator: SNOWFLAKE, ocsp mode: FAIL_OPEN, os: win32, os version: 10.0.26100"}
{"level":"INFO","message":"[2:43:12.951 PM]: Connection[id: d710fe1b-a0fc-43ca-91d2-093ad54b72f5] additional details: passcode in password is provided, passcode is not provided, private key is not provided, application: undefined, client name: snowflake-sdk, client version: 2.3.1, retry timeout: 300, private key path: undefined, private key pass is not provided, client store temporary credential: false, browser response timeout: 120000"}
{"level":"INFO","message":"[2:43:12.952 PM]: Connection[id: d710fe1b-a0fc-43ca-91d2-093ad54b72f5] - connection object created successfully."}
{"level":"INFO","message":"[2:43:12.953 PM]: Connection[id: d710fe1b-a0fc-43ca-91d2-093ad54b72f5] - connecting. Associated Snowflake domain: GLOBAL"}
{"level":"INFO","message":"[2:43:12.956 PM]: Connection[id: cd484396-0b72-4222-8a93-09a3cdecde73] - authentication successful using: SNOWFLAKE"}
{"level":"INFO","message":"[2:43:12.957 PM]: Trying to initialize Easy Logging"}
{"level":"INFO","message":"[2:43:12.959 PM]: Connection[id: d710fe1b-a0fc-43ca-91d2-093ad54b72f5] - authentication successful using: SNOWFLAKE"}
{"level":"INFO","message":"[2:43:12.959 PM]: Trying to initialize Easy Logging"}
{"level":"INFO","message":"[2:43:13.069 PM]: No client config detected."}
{"level":"INFO","message":"[2:43:13.069 PM]: No config file path found. Client config will not be used."}
{"level":"INFO","message":"[2:43:13.070 PM]: Easy Logging is disabled as no config has been found"}
{"level":"INFO","message":"[2:43:13.076 PM]: Connection[id: cd484396-0b72-4222-8a93-09a3cdecde73] - connected successfully after 129.64 milliseconds"}
{"level":"INFO","message":"[2:43:13.095 PM]: No client config detected."}
{"level":"INFO","message":"[2:43:13.096 PM]: No config file path found. Client config will not be used."}
{"level":"INFO","message":"[2:43:13.096 PM]: Easy Logging is disabled as no config has been found"}
{"level":"INFO","message":"[2:43:13.098 PM]: Connection[id: d710fe1b-a0fc-43ca-91d2-093ad54b72f5] - connected successfully after 144.12 milliseconds"}
{"level":"INFO","message":"[2:47:52.296 PM]: Creating new connection object"}
{"level":"INFO","message":"[2:47:52.309 PM]: Creating Connection[id: 882cfad2-6b9f-40d6-8d89-9d29e603f80f] with host: MMKFCGC-MEC59881.snowflakecomputing.com, account: MMKFCGC-MEC59881, accessUrl: https://MMKFCGC-MEC59881.snowflakecomputing.com, user: BIMARIZQYRAMADHAN, role: ACCOUNTADMIN, database: BIMA_DUMMY_DB, schema: PUBLIC, warehouse: COMPUTE_WH, proxy was not configured, password is provided, region: undefined, authenticator: SNOWFLAKE, ocsp mode: FAIL_OPEN, os: win32, os version: 10.0.26100"}
{"level":"INFO","message":"[2:47:52.311 PM]: Connection[id: 882cfad2-6b9f-40d6-8d89-9d29e603f80f] additional details: passcode in password is provided, passcode is not provided, private key is not provided, application: undefined, client name: snowflake-sdk, client version: 2.3.1, retry timeout: 300, private key path: undefined, private key pass is not provided, client store temporary credential: false, browser response timeout: 120000"}
{"level":"INFO","message":"[2:47:52.312 PM]: Connection[id: 882cfad2-6b9f-40d6-8d89-9d29e603f80f] - connection object created successfully."}
{"level":"INFO","message":"[2:47:52.313 PM]: Connection[id: 882cfad2-6b9f-40d6-8d89-9d29e603f80f] - connecting. Associated Snowflake domain: GLOBAL"}
{"level":"INFO","message":"[2:47:52.316 PM]: Creating new connection object"}
{"level":"INFO","message":"[2:47:52.318 PM]: Creating Connection[id: 13b937fa-3f5b-4fbd-ad5c-11ea23efc9cd] with host: MMKFCGC-MEC59881.snowflakecomputing.com, account: MMKFCGC-MEC59881, accessUrl: https://MMKFCGC-MEC59881.snowflakecomputing.com, user: BIMARIZQYRAMADHAN, role: ACCOUNTADMIN, database: BIMA_DUMMY_DB, schema: PUBLIC, warehouse: COMPUTE_WH, proxy was not configured, password is provided, region: undefined, authenticator: SNOWFLAKE, ocsp mode: FAIL_OPEN, os: win32, os version: 10.0.26100"}
{"level":"INFO","message":"[2:47:52.319 PM]: Connection[id: 13b937fa-3f5b-4fbd-ad5c-11ea23efc9cd] additional details: passcode in password is provided, passcode is not provided, private key is not provided, application: undefined, client name: snowflake-sdk, client version: 2.3.1, retry timeout: 300, private key path: undefined, private key pass is not provided, client store temporary credential: false, browser response timeout: 120000"}
{"level":"INFO","message":"[2:47:52.320 PM]: Connection[id: 13b937fa-3f5b-4fbd-ad5c-11ea23efc9cd] - connection object created successfully."}
{"level":"INFO","message":"[2:47:52.322 PM]: Connection[id: 13b937fa-3f5b-4fbd-ad5c-11ea23efc9cd] - connecting. Associated Snowflake domain: GLOBAL"}
{"level":"INFO","message":"[2:47:52.323 PM]: Connection[id: 882cfad2-6b9f-40d6-8d89-9d29e603f80f] - authentication successful using: SNOWFLAKE"}
{"level":"INFO","message":"[2:47:52.324 PM]: Trying to initialize Easy Logging"}
{"level":"INFO","message":"[2:47:52.326 PM]: Connection[id: 13b937fa-3f5b-4fbd-ad5c-11ea23efc9cd] - authentication successful using: SNOWFLAKE"}
{"level":"INFO","message":"[2:47:52.327 PM]: Trying to initialize Easy Logging"}
{"level":"INFO","message":"[2:47:52.344 PM]: No client config detected."}
{"level":"INFO","message":"[2:47:52.344 PM]: No config file path found. Client config will not be used."}
{"level":"INFO","message":"[2:47:52.345 PM]: Easy Logging is disabled as no config has been found"}
{"level":"INFO","message":"[2:47:52.350 PM]: Connection[id: 882cfad2-6b9f-40d6-8d89-9d29e603f80f] - connected successfully after 37.1 milliseconds"}
{"level":"INFO","message":"[2:47:52.371 PM]: No client config detected."}
{"level":"INFO","message":"[2:47:52.371 PM]: No config file path found. Client config will not be used."}
{"level":"INFO","message":"[2:47:52.372 PM]: Easy Logging is disabled as no config has been found"}
{"level":"INFO","message":"[2:47:52.374 PM]: Connection[id: 13b937fa-3f5b-4fbd-ad5c-11ea23efc9cd] - connected successfully after 52 milliseconds"}
{"level":"INFO","message":"[2:52:58.800 PM]: Creating new connection object"}
{"level":"INFO","message":"[2:52:58.812 PM]: Creating Connection[id: 3af272a8-7588-43b7-8371-c56315b0fda9] with host: MMKFCGC-MEC59881.snowflakecomputing.com, account: MMKFCGC-MEC59881, accessUrl: https://MMKFCGC-MEC59881.snowflakecomputing.com, user: BIMARIZQYRAMADHAN, role: ACCOUNTADMIN, database: BIMA_DUMMY_DB, schema: PUBLIC, warehouse: COMPUTE_WH, proxy was not configured, password is provided, region: undefined, authenticator: SNOWFLAKE, ocsp mode: FAIL_OPEN, os: win32, os version: 10.0.26100"}
{"level":"INFO","message":"[2:52:58.814 PM]: Connection[id: 3af272a8-7588-43b7-8371-c56315b0fda9] additional details: passcode in password is provided, passcode is not provided, private key is not provided, application: undefined, client name: snowflake-sdk, client version: 2.3.1, retry timeout: 300, private key path: undefined, private key pass is not provided, client store temporary credential: false, browser response timeout: 120000"}
{"level":"INFO","message":"[2:52:58.815 PM]: Connection[id: 3af272a8-7588-43b7-8371-c56315b0fda9] - connection object created successfully."}
{"level":"INFO","message":"[2:52:58.816 PM]: Connection[id: 3af272a8-7588-43b7-8371-c56315b0fda9] - connecting. Associated Snowflake domain: GLOBAL"}
{"level":"INFO","message":"[2:52:58.819 PM]: Creating new connection object"}
{"level":"INFO","message":"[2:52:58.820 PM]: Creating Connection[id: 1a2bab73-a212-4183-a59a-ad862de604e8] with host: MMKFCGC-MEC59881.snowflakecomputing.com, account: MMKFCGC-MEC59881, accessUrl: https://MMKFCGC-MEC59881.snowflakecomputing.com, user: BIMARIZQYRAMADHAN, role: ACCOUNTADMIN, database: BIMA_DUMMY_DB, schema: PUBLIC, warehouse: COMPUTE_WH, proxy was not configured, password is provided, region: undefined, authenticator: SNOWFLAKE, ocsp mode: FAIL_OPEN, os: win32, os version: 10.0.26100"}
{"level":"INFO","message":"[2:52:58.821 PM]: Connection[id: 1a2bab73-a212-4183-a59a-ad862de604e8] additional details: passcode in password is provided, passcode is not provided, private key is not provided, application: undefined, client name: snowflake-sdk, client version: 2.3.1, retry timeout: 300, private key path: undefined, private key pass is not provided, client store temporary credential: false, browser response timeout: 120000"}
{"level":"INFO","message":"[2:52:58.822 PM]: Connection[id: 1a2bab73-a212-4183-a59a-ad862de604e8] - connection object created successfully."}
{"level":"INFO","message":"[2:52:58.823 PM]: Connection[id: 1a2bab73-a212-4183-a59a-ad862de604e8] - connecting. Associated Snowflake domain: GLOBAL"}
{"level":"INFO","message":"[2:52:58.824 PM]: Connection[id: 3af272a8-7588-43b7-8371-c56315b0fda9] - authentication successful using: SNOWFLAKE"}
{"level":"INFO","message":"[2:52:58.825 PM]: Trying to initialize Easy Logging"}
{"level":"INFO","message":"[2:52:58.826 PM]: Connection[id: 1a2bab73-a212-4183-a59a-ad862de604e8] - authentication successful using: SNOWFLAKE"}
{"level":"INFO","message":"[2:52:58.826 PM]: Trying to initialize Easy Logging"}
{"level":"INFO","message":"[2:52:58.908 PM]: No client config detected."}
{"level":"INFO","message":"[2:52:58.909 PM]: No config file path found. Client config will not be used."}
{"level":"INFO","message":"[2:52:58.909 PM]: Easy Logging is disabled as no config has been found"}
{"level":"INFO","message":"[2:52:58.917 PM]: Connection[id: 3af272a8-7588-43b7-8371-c56315b0fda9] - connected successfully after 100.95 milliseconds"}
{"level":"INFO","message":"[2:52:58.933 PM]: No client config detected."}
{"level":"INFO","message":"[2:52:58.934 PM]: No config file path found. Client config will not be used."}
{"level":"INFO","message":"[2:52:58.934 PM]: Easy Logging is disabled as no config has been found"}
{"level":"INFO","message":"[2:52:58.935 PM]: Connection[id: 1a2bab73-a212-4183-a59a-ad862de604e8] - connected successfully after 112.33 milliseconds"}
{"level":"INFO","message":"[2:55:46.331 PM]: Creating new connection object"}
{"level":"INFO","message":"[2:55:46.333 PM]: Creating Connection[id: 655fc1b3-3be9-437e-994d-5f214298fd5d] with host: MMKFCGC-MEC59881.snowflakecomputing.com, account: MMKFCGC-MEC59881, accessUrl: https://MMKFCGC-MEC59881.snowflakecomputing.com, user: BIMARIZQYRAMADHAN, role: ACCOUNTADMIN, database: BIMA_DUMMY_DB, schema: PUBLIC, warehouse: COMPUTE_WH, proxy was not configured, password is provided, region: undefined, authenticator: SNOWFLAKE, ocsp mode: FAIL_OPEN, os: win32, os version: 10.0.26100"}
{"level":"INFO","message":"[2:55:46.335 PM]: Connection[id: 655fc1b3-3be9-437e-994d-5f214298fd5d] additional details: passcode in password is provided, passcode is not provided, private key is not provided, application: undefined, client name: snowflake-sdk, client version: 2.3.1, retry timeout: 300, private key path: undefined, private key pass is not provided, client store temporary credential: false, browser response timeout: 120000"}
{"level":"INFO","message":"[2:55:46.335 PM]: Connection[id: 655fc1b3-3be9-437e-994d-5f214298fd5d] - connection object created successfully."}
{"level":"INFO","message":"[2:55:46.336 PM]: Connection[id: 655fc1b3-3be9-437e-994d-5f214298fd5d] - connecting. Associated Snowflake domain: GLOBAL"}
{"level":"INFO","message":"[2:55:46.338 PM]: Creating new connection object"}
{"level":"INFO","message":"[2:55:46.340 PM]: Creating Connection[id: 438218fb-796e-4750-972f-086380e30532] with host: MMKFCGC-MEC59881.snowflakecomputing.com, account: MMKFCGC-MEC59881, accessUrl: https://MMKFCGC-MEC59881.snowflakecomputing.com, user: BIMARIZQYRAMADHAN, role: ACCOUNTADMIN, database: BIMA_DUMMY_DB, schema: PUBLIC, warehouse: COMPUTE_WH, proxy was not configured, password is provided, region: undefined, authenticator: SNOWFLAKE, ocsp mode: FAIL_OPEN, os: win32, os version: 10.0.26100"}
{"level":"INFO","message":"[2:55:46.341 PM]: Connection[id: 438218fb-796e-4750-972f-086380e30532] additional details: passcode in password is provided, passcode is not provided, private key is not provided, application: undefined, client name: snowflake-sdk, client version: 2.3.1, retry timeout: 300, private key path: undefined, private key pass is not provided, client store temporary credential: false, browser response timeout: 120000"}
{"level":"INFO","message":"[2:55:46.342 PM]: Connection[id: 438218fb-796e-4750-972f-086380e30532] - connection object created successfully."}
{"level":"INFO","message":"[2:55:46.343 PM]: Connection[id: 438218fb-796e-4750-972f-086380e30532] - connecting. Associated Snowflake domain: GLOBAL"}
{"level":"INFO","message":"[2:55:46.343 PM]: Connection[id: 655fc1b3-3be9-437e-994d-5f214298fd5d] - authentication successful using: SNOWFLAKE"}
{"level":"INFO","message":"[2:55:46.344 PM]: Connection[id: 438218fb-796e-4750-972f-086380e30532] - authentication successful using: SNOWFLAKE"}
{"level":"INFO","message":"[2:55:46.347 PM]: Connection[id: 655fc1b3-3be9-437e-994d-5f214298fd5d] - connected successfully after 11.46 milliseconds"}
{"level":"INFO","message":"[2:55:46.348 PM]: Connection[id: 438218fb-796e-4750-972f-086380e30532] - connected successfully after 5.63 milliseconds"}
{"level":"INFO","message":"[3:17:05.893 PM]: Creating new connection object"}
{"level":"INFO","message":"[3:17:05.894 PM]: Creating Connection[id: 46be4713-d233-4533-977e-46898a8dae40] with host: MMKFCGC-MEC59881.snowflakecomputing.com, account: MMKFCGC-MEC59881, accessUrl: https://MMKFCGC-MEC59881.snowflakecomputing.com, user: BIMARIZQYRAMADHAN, role: ACCOUNTADMIN, database: BIMA_DUMMY_DB, schema: PUBLIC, warehouse: COMPUTE_WH, proxy was not configured, password is provided, region: undefined, authenticator: SNOWFLAKE, ocsp mode: FAIL_OPEN, os: win32, os version: 10.0.26100"}
{"level":"INFO","message":"[3:17:05.895 PM]: Connection[id: 46be4713-d233-4533-977e-46898a8dae40] additional details: passcode in password is provided, passcode is not provided, private key is not provided, application: undefined, client name: snowflake-sdk, client version: 2.3.1, retry timeout: 300, private key path: undefined, private key pass is not provided, client store temporary credential: false, browser response timeout: 120000"}
{"level":"INFO","message":"[3:17:05.896 PM]: Connection[id: 46be4713-d233-4533-977e-46898a8dae40] - connection object created successfully."}
{"level":"INFO","message":"[3:17:05.896 PM]: Connection[id: 46be4713-d233-4533-977e-46898a8dae40] - connecting. Associated Snowflake domain: GLOBAL"}
{"level":"INFO","message":"[3:17:05.898 PM]: Creating new connection object"}
{"level":"INFO","message":"[3:17:05.900 PM]: Creating Connection[id: 593ae764-24c6-43cc-87ba-4a6d46c2e462] with host: MMKFCGC-MEC59881.snowflakecomputing.com, account: MMKFCGC-MEC59881, accessUrl: https://MMKFCGC-MEC59881.snowflakecomputing.com, user: BIMARIZQYRAMADHAN, role: ACCOUNTADMIN, database: BIMA_DUMMY_DB, schema: PUBLIC, warehouse: COMPUTE_WH, proxy was not configured, password is provided, region: undefined, authenticator: SNOWFLAKE, ocsp mode: FAIL_OPEN, os: win32, os version: 10.0.26100"}
{"level":"INFO","message":"[3:17:05.901 PM]: Connection[id: 593ae764-24c6-43cc-87ba-4a6d46c2e462] additional details: passcode in password is provided, passcode is not provided, private key is not provided, application: undefined, client name: snowflake-sdk, client version: 2.3.1, retry timeout: 300, private key path: undefined, private key pass is not provided, client store temporary credential: false, browser response timeout: 120000"}
{"level":"INFO","message":"[3:17:05.901 PM]: Connection[id: 593ae764-24c6-43cc-87ba-4a6d46c2e462] - connection object created successfully."}
{"level":"INFO","message":"[3:17:05.902 PM]: Connection[id: 593ae764-24c6-43cc-87ba-4a6d46c2e462] - connecting. Associated Snowflake domain: GLOBAL"}
{"level":"INFO","message":"[3:17:05.902 PM]: Connection[id: 46be4713-d233-4533-977e-46898a8dae40] - authentication successful using: SNOWFLAKE"}
{"level":"INFO","message":"[3:17:05.903 PM]: Connection[id: 593ae764-24c6-43cc-87ba-4a6d46c2e462] - authentication successful using: SNOWFLAKE"}
{"level":"INFO","message":"[3:17:05.907 PM]: Connection[id: 46be4713-d233-4533-977e-46898a8dae40] - connected successfully after 11.07 milliseconds"}
{"level":"INFO","message":"[3:17:05.909 PM]: Connection[id: 593ae764-24c6-43cc-87ba-4a6d46c2e462] - connected successfully after 7.01 milliseconds"}
{"level":"INFO","message":"[9:48:41.201 PM]: Creating new connection object"}
{"level":"INFO","message":"[9:48:41.222 PM]: Creating Connection[id: 7c9e6565-f5b5-4f93-b702-e28e90b5c218] with host: MMKFCGC-MEC59881.snowflakecomputing.com, account: MMKFCGC-MEC59881, accessUrl: https://MMKFCGC-MEC59881.snowflakecomputing.com, user: BIMARIZQYRAMADHAN, role: ACCOUNTADMIN, database: BIMA_DUMMY_DB, schema: PUBLIC, warehouse: COMPUTE_WH, proxy was not configured, password is provided, region: undefined, authenticator: SNOWFLAKE, ocsp mode: FAIL_OPEN, os: win32, os version: 10.0.26100"}
{"level":"INFO","message":"[9:48:41.225 PM]: Connection[id: 7c9e6565-f5b5-4f93-b702-e28e90b5c218] additional details: passcode in password is provided, passcode is not provided, private key is not provided, application: undefined, client name: snowflake-sdk, client version: 2.3.1, retry timeout: 300, private key path: undefined, private key pass is not provided, client store temporary credential: false, browser response timeout: 120000"}
{"level":"INFO","message":"[9:48:41.227 PM]: Connection[id: 7c9e6565-f5b5-4f93-b702-e28e90b5c218] - connection object created successfully."}
{"level":"INFO","message":"[9:48:41.229 PM]: Connection[id: 7c9e6565-f5b5-4f93-b702-e28e90b5c218] - connecting. Associated Snowflake domain: GLOBAL"}
{"level":"INFO","message":"[9:48:41.235 PM]: Creating new connection object"}
{"level":"INFO","message":"[9:48:41.238 PM]: Creating Connection[id: 67d3838e-de00-4bab-80ca-cdf9febf196a] with host: MMKFCGC-MEC59881.snowflakecomputing.com, account: MMKFCGC-MEC59881, accessUrl: https://MMKFCGC-MEC59881.snowflakecomputing.com, user: BIMARIZQYRAMADHAN, role: ACCOUNTADMIN, database: BIMA_DUMMY_DB, schema: PUBLIC, warehouse: COMPUTE_WH, proxy was not configured, password is provided, region: undefined, authenticator: SNOWFLAKE, ocsp mode: FAIL_OPEN, os: win32, os version: 10.0.26100"}
{"level":"INFO","message":"[9:48:41.239 PM]: Connection[id: 67d3838e-de00-4bab-80ca-cdf9febf196a] additional details: passcode in password is provided, passcode is not provided, private key is not provided, application: undefined, client name: snowflake-sdk, client version: 2.3.1, retry timeout: 300, private key path: undefined, private key pass is not provided, client store temporary credential: false, browser response timeout: 120000"}
{"level":"INFO","message":"[9:48:41.240 PM]: Connection[id: 67d3838e-de00-4bab-80ca-cdf9febf196a] - connection object created successfully."}
{"level":"INFO","message":"[9:48:41.242 PM]: Connection[id: 67d3838e-de00-4bab-80ca-cdf9febf196a] - connecting. Associated Snowflake domain: GLOBAL"}
{"level":"INFO","message":"[9:48:41.244 PM]: Connection[id: 7c9e6565-f5b5-4f93-b702-e28e90b5c218] - authentication successful using: SNOWFLAKE"}
{"level":"INFO","message":"[9:48:41.247 PM]: Trying to initialize Easy Logging"}
{"level":"INFO","message":"[9:48:41.250 PM]: Connection[id: 67d3838e-de00-4bab-80ca-cdf9febf196a] - authentication successful using: SNOWFLAKE"}
{"level":"INFO","message":"[9:48:41.251 PM]: Trying to initialize Easy Logging"}
{"level":"INFO","message":"[9:48:41.262 PM]: No client config detected."}
{"level":"INFO","message":"[9:48:41.263 PM]: No config file path found. Client config will not be used."}
{"level":"INFO","message":"[9:48:41.264 PM]: Easy Logging is disabled as no config has been found"}
{"level":"INFO","message":"[9:48:41.275 PM]: Connection[id: 7c9e6565-f5b5-4f93-b702-e28e90b5c218] - connected successfully after 46.05 milliseconds"}
{"level":"INFO","message":"[9:48:41.309 PM]: No client config detected."}
{"level":"INFO","message":"[9:48:41.311 PM]: No config file path found. Client config will not be used."}
{"level":"INFO","message":"[9:48:41.312 PM]: Easy Logging is disabled as no config has been found"}
{"level":"INFO","message":"[9:48:41.316 PM]: Connection[id: 67d3838e-de00-4bab-80ca-cdf9febf196a] - connected successfully after 74.31 milliseconds"}
{"level":"INFO","message":"[9:49:20.645 PM]: Creating new connection object"}
{"level":"INFO","message":"[9:49:20.678 PM]: Creating Connection[id: 7b24a7d6-6a62-4011-8298-9b4aa9680505] with host: MMKFCGC-MEC59881.snowflakecomputing.com, account: MMKFCGC-MEC59881, accessUrl: https://MMKFCGC-MEC59881.snowflakecomputing.com, user: BIMARIZQYRAMADHAN, role: ACCOUNTADMIN, database: SNOWFLAKEHACKATHON, schema: PUBLIC, warehouse: COMPUTE_WH, proxy was not configured, password is provided, region: undefined, authenticator: SNOWFLAKE, ocsp mode: FAIL_OPEN, os: win32, os version: 10.0.26100"}
{"level":"INFO","message":"[9:49:20.681 PM]: Connection[id: 7b24a7d6-6a62-4011-8298-9b4aa9680505] additional details: passcode in password is provided, passcode is not provided, private key is not provided, application: undefined, client name: snowflake-sdk, client version: 2.3.1, retry timeout: 300, private key path: undefined, private key pass is not provided, client store temporary credential: false, browser response timeout: 120000"}
{"level":"INFO","message":"[9:49:20.683 PM]: Connection[id: 7b24a7d6-6a62-4011-8298-9b4aa9680505] - connection object created successfully."}
{"level":"INFO","message":"[9:49:20.686 PM]: Connection[id: 7b24a7d6-6a62-4011-8298-9b4aa9680505] - connecting. Associated Snowflake domain: GLOBAL"}
{"level":"INFO","message":"[9:49:20.694 PM]: Creating new connection object"}
{"level":"INFO","message":"[9:49:20.697 PM]: Creating Connection[id: c22fd668-9a7a-4d59-8d1e-3f752923c1da] with host: MMKFCGC-MEC59881.snowflakecomputing.com, account: MMKFCGC-MEC59881, accessUrl: https://MMKFCGC-MEC59881.snowflakecomputing.com, user: BIMARIZQYRAMADHAN, role: ACCOUNTADMIN, database: SNOWFLAKEHACKATHON, schema: PUBLIC, warehouse: COMPUTE_WH, proxy was not configured, password is provided, region: undefined, authenticator: SNOWFLAKE, ocsp mode: FAIL_OPEN, os: win32, os version: 10.0.26100"}
{"level":"INFO","message":"[9:49:20.699 PM]: Connection[id: c22fd668-9a7a-4d59-8d1e-3f752923c1da] additional details: passcode in password is provided, passcode is not provided, private key is not provided, application: undefined, client name: snowflake-sdk, client version: 2.3.1, retry timeout: 300, private key path: undefined, private key pass is not provided, client store temporary credential: false, browser response timeout: 120000"}
{"level":"INFO","message":"[9:49:20.700 PM]: Connection[id: c22fd668-9a7a-4d59-8d1e-3f752923c1da] - connection object created successfully."}
{"level":"INFO","message":"[9:49:20.703 PM]: Connection[id: c22fd668-9a7a-4d59-8d1e-3f752923c1da] - connecting. Associated Snowflake domain: GLOBAL"}
{"level":"INFO","message":"[9:49:20.705 PM]: Connection[id: 7b24a7d6-6a62-4011-8298-9b4aa9680505] - authentication successful using: SNOWFLAKE"}
{"level":"INFO","message":"[9:49:20.709 PM]: Trying to initialize Easy Logging"}
{"level":"INFO","message":"[9:49:20.711 PM]: Connection[id: c22fd668-9a7a-4d59-8d1e-3f752923c1da] - authentication successful using: SNOWFLAKE"}
{"level":"INFO","message":"[9:49:20.713 PM]: Trying to initialize Easy Logging"}
{"level":"INFO","message":"[9:49:20.863 PM]: No client config detected."}
{"level":"INFO","message":"[9:49:20.864 PM]: No config file path found. Client config will not be used."}
{"level":"INFO","message":"[9:49:20.865 PM]: Easy Logging is disabled as no config has been found"}
{"level":"INFO","message":"[9:49:20.879 PM]: Connection[id: 7b24a7d6-6a62-4011-8298-9b4aa9680505] - connected successfully after 193.13 milliseconds"}
{"level":"INFO","message":"[9:49:20.909 PM]: No client config detected."}
{"level":"INFO","message":"[9:49:20.910 PM]: No config file path found. Client config will not be used."}
{"level":"INFO","message":"[9:49:20.911 PM]: Easy Logging is disabled as no config has been found"}
{"level":"INFO","message":"[9:49:20.913 PM]: Connection[id: c22fd668-9a7a-4d59-8d1e-3f752923c1da] - connected successfully after 210.19 milliseconds"}
{"level":"INFO","message":"[9:51:32.940 PM]: Creating new connection object"}
{"level":"INFO","message":"[9:51:32.956 PM]: Creating Connection[id: 3cc9045d-0f1c-4af0-87c3-d8443523b917] with host: MMKFCGC-MEC59881.snowflakecomputing.com, account: MMKFCGC-MEC59881, accessUrl: https://MMKFCGC-MEC59881.snowflakecomputing.com, user: BIMARIZQYRAMADHAN, role: ACCOUNTADMIN, database: SNOWFLAKEHACKATHON, schema: PUBLIC, warehouse: COMPUTE_WH, proxy was not configured, password is provided, region: undefined, authenticator: SNOWFLAKE, ocsp mode: FAIL_OPEN, os: win32, os version: 10.0.26100"}
{"level":"INFO","message":"[9:51:32.958 PM]: Connection[id: 3cc9045d-0f1c-4af0-87c3-d8443523b917] additional details: passcode in password is provided, passcode is not provided, private key is not provided, application: undefined, client name: snowflake-sdk, client version: 2.3.1, retry timeout: 300, private key path: undefined, private key pass is not provided, client store temporary credential: false, browser response timeout: 120000"}
{"level":"INFO","message":"[9:51:32.959 PM]: Connection[id: 3cc9045d-0f1c-4af0-87c3-d8443523b917] - connection object created successfully."}
{"level":"INFO","message":"[9:51:32.960 PM]: Connection[id: 3cc9045d-0f1c-4af0-87c3-d8443523b917] - connecting. Associated Snowflake domain: GLOBAL"}
{"level":"INFO","message":"[9:51:32.962 PM]: Creating new connection object"}
{"level":"INFO","message":"[9:51:32.963 PM]: Creating Connection[id: 7f1fa801-97d2-4eda-8780-6876944ca92f] with host: MMKFCGC-MEC59881.snowflakecomputing.com, account: MMKFCGC-MEC59881, accessUrl: https://MMKFCGC-MEC59881.snowflakecomputing.com, user: BIMARIZQYRAMADHAN, role: ACCOUNTADMIN, database: SNOWFLAKEHACKATHON, schema: PUBLIC, warehouse: COMPUTE_WH, proxy was not configured, password is provided, region: undefined, authenticator: SNOWFLAKE, ocsp mode: FAIL_OPEN, os: win32, os version: 10.0.26100"}
{"level":"INFO","message":"[9:51:32.964 PM]: Connection[id: 7f1fa801-97d2-4eda-8780-6876944ca92f] additional details: passcode in password is provided, passcode is not provided, private key is not provided, application: undefined, client name: snowflake-sdk, client version: 2.3.1, retry timeout: 300, private key path: undefined, private key pass is not provided, client store temporary credential: false, browser response timeout: 120000"}
{"level":"INFO","message":"[9:51:32.965 PM]: Connection[id: 7f1fa801-97d2-4eda-8780-6876944ca92f] - connection object created successfully."}
{"level":"INFO","message":"[9:51:32.966 PM]: Connection[id: 7f1fa801-97d2-4eda-8780-6876944ca92f] - connecting. Associated Snowflake domain: GLOBAL"}
{"level":"INFO","message":"[9:51:32.966 PM]: Connection[id: 3cc9045d-0f1c-4af0-87c3-d8443523b917] - authentication successful using: SNOWFLAKE"}
{"level":"INFO","message":"[9:51:32.967 PM]: Trying to initialize Easy Logging"}
{"level":"INFO","message":"[9:51:32.968 PM]: Connection[id: 7f1fa801-97d2-4eda-8780-6876944ca92f] - authentication successful using: SNOWFLAKE"}
{"level":"INFO","message":"[9:51:32.968 PM]: Trying to initialize Easy Logging"}
{"level":"INFO","message":"[9:51:32.973 PM]: No client config detected."}
{"level":"INFO","message":"[9:51:32.973 PM]: No config file path found. Client config will not be used."}
{"level":"INFO","message":"[9:51:32.974 PM]: Easy Logging is disabled as no config has been found"}
{"level":"INFO","message":"[9:51:32.980 PM]: Connection[id: 7f1fa801-97d2-4eda-8780-6876944ca92f] - connected successfully after 14.08 milliseconds"}
{"level":"INFO","message":"[9:51:32.996 PM]: No client config detected."}
{"level":"INFO","message":"[9:51:32.997 PM]: No config file path found. Client config will not be used."}
{"level":"INFO","message":"[9:51:32.997 PM]: Easy Logging is disabled as no config has been found"}
{"level":"INFO","message":"[9:51:32.999 PM]: Connection[id: 3cc9045d-0f1c-4af0-87c3-d8443523b917] - connected successfully after 39.01 milliseconds"}
{"level":"INFO","message":"[9:53:22.241 PM]: Creating new connection object"}
{"level":"INFO","message":"[9:53:22.254 PM]: Creating Connection[id: 688241e7-1df3-427c-9a04-3bfda6d17197] with host: MMKFCGC-MEC59881.snowflakecomputing.com, account: MMKFCGC-MEC59881, accessUrl: https://MMKFCGC-MEC59881.snowflakecomputing.com, user: BIMARIZQYRAMADHAN, role: ACCOUNTADMIN, database: SNOWFLAKEHACKATHON, schema: PUBLIC, warehouse: COMPUTE_WH, proxy was not configured, password is provided, region: undefined, authenticator: SNOWFLAKE, ocsp mode: FAIL_OPEN, os: win32, os version: 10.0.26100"}
{"level":"INFO","message":"[9:53:22.257 PM]: Connection[id: 688241e7-1df3-427c-9a04-3bfda6d17197] additional details: passcode in password is provided, passcode is not provided, private key is not provided, application: undefined, client name: snowflake-sdk, client version: 2.3.1, retry timeout: 300, private key path: undefined, private key pass is not provided, client store temporary credential: false, browser response timeout: 120000"}
{"level":"INFO","message":"[9:53:22.258 PM]: Connection[id: 688241e7-1df3-427c-9a04-3bfda6d17197] - connection object created successfully."}
{"level":"INFO","message":"[9:53:22.259 PM]: Connection[id: 688241e7-1df3-427c-9a04-3bfda6d17197] - connecting. Associated Snowflake domain: GLOBAL"}
{"level":"INFO","message":"[9:53:22.262 PM]: Creating new connection object"}
{"level":"INFO","message":"[9:53:22.264 PM]: Creating Connection[id: 0f89bf2c-7cb9-4dc6-9de7-2e6931997603] with host: MMKFCGC-MEC59881.snowflakecomputing.com, account: MMKFCGC-MEC59881, accessUrl: https://MMKFCGC-MEC59881.snowflakecomputing.com, user: BIMARIZQYRAMADHAN, role: ACCOUNTADMIN, database: SNOWFLAKEHACKATHON, schema: PUBLIC, warehouse: COMPUTE_WH, proxy was not configured, password is provided, region: undefined, authenticator: SNOWFLAKE, ocsp mode: FAIL_OPEN, os: win32, os version: 10.0.26100"}
{"level":"INFO","message":"[9:53:22.264 PM]: Connection[id: 0f89bf2c-7cb9-4dc6-9de7-2e6931997603] additional details: passcode in password is provided, passcode is not provided, private key is not provided, application: undefined, client name: snowflake-sdk, client version: 2.3.1, retry timeout: 300, private key path: undefined, private key pass is not provided, client store temporary credential: false, browser response timeout: 120000"}
{"level":"INFO","message":"[9:53:22.265 PM]: Connection[id: 0f89bf2c-7cb9-4dc6-9de7-2e6931997603] - connection object created successfully."}
{"level":"INFO","message":"[9:53:22.266 PM]: Connection[id: 0f89bf2c-7cb9-4dc6-9de7-2e6931997603] - connecting. Associated Snowflake domain: GLOBAL"}
{"level":"INFO","message":"[9:53:22.267 PM]: Connection[id: 688241e7-1df3-427c-9a04-3bfda6d17197] - authentication successful using: SNOWFLAKE"}
{"level":"INFO","message":"[9:53:22.268 PM]: Trying to initialize Easy Logging"}
{"level":"INFO","message":"[9:53:22.269 PM]: Connection[id: 0f89bf2c-7cb9-4dc6-9de7-2e6931997603] - authentication successful using: SNOWFLAKE"}
{"level":"INFO","message":"[9:53:22.269 PM]: Trying to initialize Easy Logging"}
{"level":"INFO","message":"[9:53:22.340 PM]: No client config detected."}
{"level":"INFO","message":"[9:53:22.341 PM]: No config file path found. Client config will not be used."}
{"level":"INFO","message":"[9:53:22.341 PM]: Easy Logging is disabled as no config has been found"}
{"level":"INFO","message":"[9:53:22.346 PM]: Connection[id: 688241e7-1df3-427c-9a04-3bfda6d17197] - connected successfully after 87.05 milliseconds"}
{"level":"INFO","message":"[9:53:22.362 PM]: No client config detected."}
{"level":"INFO","message":"[9:53:22.362 PM]: No config file path found. Client config will not be used."}
{"level":"INFO","message":"[9:53:22.362 PM]: Easy Logging is disabled as no config has been found"}
{"level":"INFO","message":"[9:53:22.364 PM]: Connection[id: 0f89bf2c-7cb9-4dc6-9de7-2e6931997603] - connected successfully after 97.81 milliseconds"}
{"level":"INFO","message":"[10:46:31.808 PM]: Creating new connection object"}
{"level":"INFO","message":"[10:46:31.827 PM]: Creating Connection[id: ea7bb0f7-2011-4489-8f3e-58fa97e421a1] with host: MMKFCGC-MEC59881.snowflakecomputing.com, account: MMKFCGC-MEC59881, accessUrl: https://MMKFCGC-MEC59881.snowflakecomputing.com, user: BIMARIZQYRAMADHAN, role: ACCOUNTADMIN, database: SNOWFLAKEHACKATHON, schema: PUBLIC, warehouse: COMPUTE_WH, proxy was not configured, password is provided, region: undefined, authenticator: SNOWFLAKE, ocsp mode: FAIL_OPEN, os: win32, os version: 10.0.26100"}
{"level":"INFO","message":"[10:46:31.829 PM]: Connection[id: ea7bb0f7-2011-4489-8f3e-58fa97e421a1] additional details: passcode in password is provided, passcode is not provided, private key is not provided, application: undefined, client name: snowflake-sdk, client version: 2.3.1, retry timeout: 300, private key path: undefined, private key pass is not provided, client store temporary credential: false, browser response timeout: 120000"}
{"level":"INFO","message":"[10:46:31.831 PM]: Connection[id: ea7bb0f7-2011-4489-8f3e-58fa97e421a1] - connection object created successfully."}
{"level":"INFO","message":"[10:46:31.833 PM]: Connection[id: ea7bb0f7-2011-4489-8f3e-58fa97e421a1] - connecting. Associated Snowflake domain: GLOBAL"}
{"level":"INFO","message":"[10:46:31.835 PM]: Connection[id: ea7bb0f7-2011-4489-8f3e-58fa97e421a1] - authentication successful using: SNOWFLAKE"}
{"level":"INFO","message":"[10:46:31.839 PM]: Trying to initialize Easy Logging"}
{"level":"INFO","message":"[10:46:31.851 PM]: No client config detected."}
{"level":"INFO","message":"[10:46:31.852 PM]: No config file path found. Client config will not be used."}
{"level":"INFO","message":"[10:46:31.854 PM]: Easy Logging is disabled as no config has been found"}
{"level":"INFO","message":"[10:46:31.869 PM]: Connection[id: ea7bb0f7-2011-4489-8f3e-58fa97e421a1] - connected successfully after 35.81 milliseconds"}
{"level":"INFO","message":"[10:49:19.123 PM]: Creating new connection object"}
{"level":"INFO","message":"[10:49:19.126 PM]: Creating Connection[id: 617516b8-c4f4-46c4-82ec-d2cfc308a9d6] with host: MMKFCGC-MEC59881.snowflakecomputing.com, account: MMKFCGC-MEC59881, accessUrl: https://MMKFCGC-MEC59881.snowflakecomputing.com, user: BIMARIZQYRAMADHAN, role: ACCOUNTADMIN, database: SNOWFLAKEHACKATHON, schema: PUBLIC, warehouse: COMPUTE_WH, proxy was not configured, password is provided, region: undefined, authenticator: SNOWFLAKE, ocsp mode: FAIL_OPEN, os: win32, os version: 10.0.26100"}
{"level":"INFO","message":"[10:49:19.126 PM]: Connection[id: 617516b8-c4f4-46c4-82ec-d2cfc308a9d6] additional details: passcode in password is provided, passcode is not provided, private key is not provided, application: undefined, client name: snowflake-sdk, client version: 2.3.1, retry timeout: 300, private key path: undefined, private key pass is not provided, client store temporary credential: false, browser response timeout: 120000"}
{"level":"INFO","message":"[10:49:19.127 PM]: Connection[id: 617516b8-c4f4-46c4-82ec-d2cfc308a9d6] - connection object created successfully."}
{"level":"INFO","message":"[10:49:19.127 PM]: Connection[id: 617516b8-c4f4-46c4-82ec-d2cfc308a9d6] - connecting. Associated Snowflake domain: GLOBAL"}
{"level":"INFO","message":"[10:49:19.128 PM]: Connection[id: 617516b8-c4f4-46c4-82ec-d2cfc308a9d6] - authentication successful using: SNOWFLAKE"}
{"level":"INFO","message":"[10:49:19.130 PM]: Connection[id: 617516b8-c4f4-46c4-82ec-d2cfc308a9d6] - connected successfully after 2.44 milliseconds"}
{"level":"INFO","message":"[10:49:37.855 PM]: Creating new connection object"}
{"level":"INFO","message":"[10:49:37.859 PM]: Creating Connection[id: ead92ab0-5185-44e1-88ca-9e9273ec802d] with host: MMKFCGC-MEC59881.snowflakecomputing.com, account: MMKFCGC-MEC59881, accessUrl: https://MMKFCGC-MEC59881.snowflakecomputing.com, user: BIMARIZQYRAMADHAN, role: ACCOUNTADMIN, database: SNOWFLAKEHACKATHON, schema: PUBLIC, warehouse: COMPUTE_WH, proxy was not configured, password is provided, region: undefined, authenticator: SNOWFLAKE, ocsp mode: FAIL_OPEN, os: win32, os version: 10.0.26100"}
{"level":"INFO","message":"[10:49:37.861 PM]: Connection[id: ead92ab0-5185-44e1-88ca-9e9273ec802d] additional details: passcode in password is provided, passcode is not provided, private key is not provided, application: undefined, client name: snowflake-sdk, client version: 2.3.1, retry timeout: 300, private key path: undefined, private key pass is not provided, client store temporary credential: false, browser response timeout: 120000"}
{"level":"INFO","message":"[10:49:37.864 PM]: Connection[id: ead92ab0-5185-44e1-88ca-9e9273ec802d] - connection object created successfully."}
{"level":"INFO","message":"[10:49:37.868 PM]: Connection[id: ead92ab0-5185-44e1-88ca-9e9273ec802d] - connecting. Associated Snowflake domain: GLOBAL"}
{"level":"INFO","message":"[10:49:37.871 PM]: Connection[id: ead92ab0-5185-44e1-88ca-9e9273ec802d] - authentication successful using: SNOWFLAKE"}
{"level":"INFO","message":"[10:49:37.876 PM]: Connection[id: ead92ab0-5185-44e1-88ca-9e9273ec802d] - connected successfully after 8.44 milliseconds"}
{"level":"INFO","message":"[10:55:49.403 PM]: Creating new connection object"}
{"level":"INFO","message":"[10:55:49.467 PM]: Creating Connection[id: 87ccb868-a316-4275-895b-24c5b173659a] with host: MMKFCGC-MEC59881.snowflakecomputing.com, account: MMKFCGC-MEC59881, accessUrl: https://MMKFCGC-MEC59881.snowflakecomputing.com, user: BIMARIZQYRAMADHAN, role: ACCOUNTADMIN, database: SNOWFLAKEHACKATHON, schema: PUBLIC, warehouse: COMPUTE_WH, proxy was not configured, password is provided, region: undefined, authenticator: SNOWFLAKE, ocsp mode: FAIL_OPEN, os: win32, os version: 10.0.26100"}
{"level":"INFO","message":"[10:55:49.470 PM]: Connection[id: 87ccb868-a316-4275-895b-24c5b173659a] additional details: passcode in password is provided, passcode is not provided, private key is not provided, application: undefined, client name: snowflake-sdk, client version: 2.3.1, retry timeout: 300, private key path: undefined, private key pass is not provided, client store temporary credential: false, browser response timeout: 120000"}
{"level":"INFO","message":"[10:55:49.472 PM]: Connection[id: 87ccb868-a316-4275-895b-24c5b173659a] - connection object created successfully."}
{"level":"INFO","message":"[10:55:49.473 PM]: Connection[id: 87ccb868-a316-4275-895b-24c5b173659a] - connecting. Associated Snowflake domain: GLOBAL"}
{"level":"INFO","message":"[10:55:49.475 PM]: Connection[id: 87ccb868-a316-4275-895b-24c5b173659a] - authentication successful using: SNOWFLAKE"}
{"level":"INFO","message":"[10:55:49.477 PM]: Trying to initialize Easy Logging"}
{"level":"INFO","message":"[10:55:49.490 PM]: No client config detected."}
{"level":"INFO","message":"[10:55:49.491 PM]: No config file path found. Client config will not be used."}
{"level":"INFO","message":"[10:55:49.492 PM]: Easy Logging is disabled as no config has been found"}
{"level":"INFO","message":"[10:55:49.507 PM]: Connection[id: 87ccb868-a316-4275-895b-24c5b173659a] - connected successfully after 34.26 milliseconds"}
{"level":"INFO","message":"[11:02:00.032 PM]: Creating new connection object"}
{"level":"INFO","message":"[11:02:00.084 PM]: Creating Connection[id: 036f8283-5aba-4586-bc45-dfa4f228b3ab] with host: MMKFCGC-MEC59881.snowflakecomputing.com, account: MMKFCGC-MEC59881, accessUrl: https://MMKFCGC-MEC59881.snowflakecomputing.com, user: BIMARIZQYRAMADHAN, role: ACCOUNTADMIN, database: SNOWFLAKEHACKATHON, schema: PUBLIC, warehouse: COMPUTE_WH, proxy was not configured, password is provided, region: undefined, authenticator: SNOWFLAKE, ocsp mode: FAIL_OPEN, os: win32, os version: 10.0.26100"}
{"level":"INFO","message":"[11:02:00.088 PM]: Connection[id: 036f8283-5aba-4586-bc45-dfa4f228b3ab] additional details: passcode in password is provided, passcode is not provided, private key is not provided, application: undefined, client name: snowflake-sdk, client version: 2.3.1, retry timeout: 300, private key path: undefined, private key pass is not provided, client store temporary credential: false, browser response timeout: 120000"}
{"level":"INFO","message":"[11:02:00.091 PM]: Connection[id: 036f8283-5aba-4586-bc45-dfa4f228b3ab] - connection object created successfully."}
{"level":"INFO","message":"[11:02:00.092 PM]: Connection[id: 036f8283-5aba-4586-bc45-dfa4f228b3ab] - connecting. Associated Snowflake domain: GLOBAL"}
{"level":"INFO","message":"[11:02:00.094 PM]: Connection[id: 036f8283-5aba-4586-bc45-dfa4f228b3ab] - authentication successful using: SNOWFLAKE"}
{"level":"INFO","message":"[11:02:00.097 PM]: Trying to initialize Easy Logging"}
{"level":"INFO","message":"[11:02:00.109 PM]: No client config detected."}
{"level":"INFO","message":"[11:02:00.110 PM]: No config file path found. Client config will not be used."}
{"level":"INFO","message":"[11:02:00.113 PM]: Easy Logging is disabled as no config has been found"}
{"level":"INFO","message":"[11:02:00.128 PM]: Connection[id: 036f8283-5aba-4586-bc45-dfa4f228b3ab] - connected successfully after 36.17 milliseconds"}
{"level":"INFO","message":"[11:03:57.520 PM]: Creating new connection object"}
{"level":"INFO","message":"[11:03:57.528 PM]: Creating Connection[id: 549545e0-b33e-4a70-8130-3695cb288d95] with host: MMKFCGC-MEC59881.snowflakecomputing.com, account: MMKFCGC-MEC59881, accessUrl: https://MMKFCGC-MEC59881.snowflakecomputing.com, user: BIMARIZQYRAMADHAN, role: ACCOUNTADMIN, database: SNOWFLAKEHACKATHON, schema: PUBLIC, warehouse: COMPUTE_WH, proxy was not configured, password is provided, region: undefined, authenticator: SNOWFLAKE, ocsp mode: FAIL_OPEN, os: win32, os version: 10.0.26100"}
{"level":"INFO","message":"[11:03:57.529 PM]: Connection[id: 549545e0-b33e-4a70-8130-3695cb288d95] additional details: passcode in password is provided, passcode is not provided, private key is not provided, application: undefined, client name: snowflake-sdk, client version: 2.3.1, retry timeout: 300, private key path: undefined, private key pass is not provided, client store temporary credential: false, browser response timeout: 120000"}
{"level":"INFO","message":"[11:03:57.530 PM]: Connection[id: 549545e0-b33e-4a70-8130-3695cb288d95] - connection object created successfully."}
{"level":"INFO","message":"[11:03:57.531 PM]: Connection[id: 549545e0-b33e-4a70-8130-3695cb288d95] - connecting. Associated Snowflake domain: GLOBAL"}
{"level":"INFO","message":"[11:03:57.533 PM]: Connection[id: 549545e0-b33e-4a70-8130-3695cb288d95] - authentication successful using: SNOWFLAKE"}
{"level":"INFO","message":"[11:03:57.545 PM]: Connection[id: 549545e0-b33e-4a70-8130-3695cb288d95] - connected successfully after 13.07 milliseconds"}
{"level":"INFO","message":"[11:04:52.465 PM]: Creating new connection object"}
{"level":"INFO","message":"[11:04:52.469 PM]: Creating Connection[id: 2759c2c2-04a8-46d4-ad03-734e7d9603f4] with host: MMKFCGC-MEC59881.snowflakecomputing.com, account: MMKFCGC-MEC59881, accessUrl: https://MMKFCGC-MEC59881.snowflakecomputing.com, user: BIMARIZQYRAMADHAN, role: ACCOUNTADMIN, database: SNOWFLAKEHACKATHON, schema: PUBLIC, warehouse: COMPUTE_WH, proxy was not configured, password is provided, region: undefined, authenticator: SNOWFLAKE, ocsp mode: FAIL_OPEN, os: win32, os version: 10.0.26100"}
{"level":"INFO","message":"[11:04:52.470 PM]: Connection[id: 2759c2c2-04a8-46d4-ad03-734e7d9603f4] additional details: passcode in password is provided, passcode is not provided, private key is not provided, application: undefined, client name: snowflake-sdk, client version: 2.3.1, retry timeout: 300, private key path: undefined, private key pass is not provided, client store temporary credential: false, browser response timeout: 120000"}
{"level":"INFO","message":"[11:04:52.472 PM]: Connection[id: 2759c2c2-04a8-46d4-ad03-734e7d9603f4] - connection object created successfully."}
{"level":"INFO","message":"[11:04:52.474 PM]: Connection[id: 2759c2c2-04a8-46d4-ad03-734e7d9603f4] - connecting. Associated Snowflake domain: GLOBAL"}
{"level":"INFO","message":"[11:04:52.477 PM]: Connection[id: 2759c2c2-04a8-46d4-ad03-734e7d9603f4] - authentication successful using: SNOWFLAKE"}
{"level":"INFO","message":"[11:04:52.503 PM]: Connection[id: 2759c2c2-04a8-46d4-ad03-734e7d9603f4] - connected successfully after 28.17 milliseconds"}
